c:\users\hp\onedrive\code\c++\practice_games\dependencies\tmxlite\tmxlite\x64\bin\debugstatic\libtmxlite-s-d.pdb
c:\users\hp\onedrive\code\c++\practice_games\dependencies\tmxlite\tmxlite\x64\bin\debugstatic\libtmxlite-s-d.idb
c:\users\hp\onedrive\code\c++\practice_games\dependencies\tmxlite\tmxlite\x64\debugstatic\tileset.obj
c:\users\hp\onedrive\code\c++\practice_games\dependencies\tmxlite\tmxlite\x64\debugstatic\tilelayer.obj
c:\users\hp\onedrive\code\c++\practice_games\dependencies\tmxlite\tmxlite\x64\debugstatic\property.obj
c:\users\hp\onedrive\code\c++\practice_games\dependencies\tmxlite\tmxlite\x64\debugstatic\objecttypes.obj
c:\users\hp\onedrive\code\c++\practice_games\dependencies\tmxlite\tmxlite\x64\debugstatic\objectgroup.obj
c:\users\hp\onedrive\code\c++\practice_games\dependencies\tmxlite\tmxlite\x64\debugstatic\object.obj
c:\users\hp\onedrive\code\c++\practice_games\dependencies\tmxlite\tmxlite\x64\debugstatic\map.obj
c:\users\hp\onedrive\code\c++\practice_games\dependencies\tmxlite\tmxlite\x64\debugstatic\layergroup.obj
c:\users\hp\onedrive\code\c++\practice_games\dependencies\tmxlite\tmxlite\x64\debugstatic\imagelayer.obj
c:\users\hp\onedrive\code\c++\practice_games\dependencies\tmxlite\tmxlite\x64\debugstatic\freefuncs.obj
c:\users\hp\onedrive\code\c++\practice_games\dependencies\tmxlite\tmxlite\x64\debugstatic\pugixml.obj
c:\users\hp\onedrive\code\c++\practice_games\dependencies\tmxlite\tmxlite\x64\debugstatic\miniz.obj
c:\users\hp\onedrive\code\c++\practice_games\dependencies\tmxlite\tmxlite\x64\bin\debugstatic\libtmxlite-s-d.lib
c:\users\hp\onedrive\code\c++\practice_games\dependencies\tmxlite\tmxlite\x64\debugstatic\tmxlite.tlog\cl.command.1.tlog
c:\users\hp\onedrive\code\c++\practice_games\dependencies\tmxlite\tmxlite\x64\debugstatic\tmxlite.tlog\cl.items.tlog
c:\users\hp\onedrive\code\c++\practice_games\dependencies\tmxlite\tmxlite\x64\debugstatic\tmxlite.tlog\cl.read.1.tlog
c:\users\hp\onedrive\code\c++\practice_games\dependencies\tmxlite\tmxlite\x64\debugstatic\tmxlite.tlog\cl.write.1.tlog
c:\users\hp\onedrive\code\c++\practice_games\dependencies\tmxlite\tmxlite\x64\debugstatic\tmxlite.tlog\lib-link.read.1.tlog
c:\users\hp\onedrive\code\c++\practice_games\dependencies\tmxlite\tmxlite\x64\debugstatic\tmxlite.tlog\lib-link.write.1.tlog
c:\users\hp\onedrive\code\c++\practice_games\dependencies\tmxlite\tmxlite\x64\debugstatic\tmxlite.tlog\lib.command.1.tlog
