  Movements.cpp
C:\Users\HP\OneDrive\Code\C++\Practice_Games\Understanding_SFML\Movements.cpp(3,9): error C1083: Cannot open include file: 'tmxlite/Map.hpp': No such file or directory
  Smile.cpp
C:\Users\HP\OneDrive\Code\C++\Practice_Games\Understanding_SFML\Smile.cpp(52,7): warning C4305: '+=': truncation from 'double' to 'float'
C:\Users\HP\OneDrive\Code\C++\Practice_Games\Understanding_SFML\Smile.cpp(58,7): warning C4305: '-=': truncation from 'double' to 'float'
  FreeFuncs.cpp
C:\Users\HP\OneDrive\Code\C++\Practice_Games\Understanding_SFML\tmxlite\src\FreeFuncs.cpp(33,10): error C1083: Cannot open include file: 'tmxlite/FreeFuncs.hpp': No such file or directory
  ImageLayer.cpp
C:\Users\HP\OneDrive\Code\C++\Practice_Games\Understanding_SFML\tmxlite\src\ImageLayer.cpp(33,10): error C1083: Cannot open include file: 'tmxlite/ImageLayer.hpp': No such file or directory
  LayerGroup.cpp
C:\Users\HP\OneDrive\Code\C++\Practice_Games\Understanding_SFML\tmxlite\src\LayerGroup.cpp(33,10): error C1083: Cannot open include file: 'tmxlite/LayerGroup.hpp': No such file or directory
  Map.cpp
C:\Users\HP\OneDrive\Code\C++\Practice_Games\Understanding_SFML\tmxlite\src\Map.cpp(33,10): error C1083: Cannot open include file: 'tmxlite/Map.hpp': No such file or directory
  Object.cpp
C:\Users\HP\OneDrive\Code\C++\Practice_Games\Understanding_SFML\tmxlite\src\Object.cpp(33,10): error C1083: Cannot open include file: 'tmxlite/Object.hpp': No such file or directory
  ObjectGroup.cpp
C:\Users\HP\OneDrive\Code\C++\Practice_Games\Understanding_SFML\tmxlite\src\ObjectGroup.cpp(33,10): error C1083: Cannot open include file: 'tmxlite/FreeFuncs.hpp': No such file or directory
  ObjectTypes.cpp
C:\Users\HP\OneDrive\Code\C++\Practice_Games\Understanding_SFML\tmxlite\src\ObjectTypes.cpp(32,10): error C1083: Cannot open include file: 'tmxlite/FreeFuncs.hpp': No such file or directory
  Property.cpp
C:\Users\HP\OneDrive\Code\C++\Practice_Games\Understanding_SFML\tmxlite\src\Property.cpp(33,10): error C1083: Cannot open include file: 'tmxlite/Property.hpp': No such file or directory
  TileLayer.cpp
C:\Users\HP\OneDrive\Code\C++\Practice_Games\Understanding_SFML\tmxlite\src\TileLayer.cpp(39,10): error C1083: Cannot open include file: 'tmxlite/FreeFuncs.hpp': No such file or directory
  Tileset.cpp
C:\Users\HP\OneDrive\Code\C++\Practice_Games\Understanding_SFML\tmxlite\src\Tileset.cpp(33,10): error C1083: Cannot open include file: 'tmxlite/Tileset.hpp': No such file or directory
  Generating Code...
